<?xml version="1.0" encoding="UTF-8"?>
<!-- Generated by org.testng.reporters.JUnitReportReporter -->
<testsuite hostname="DESKTOP-O0NLTGO" failures="0" tests="1" name="intial.Reports_Page_Test" time="11.784" errors="0" timestamp="2021-10-13T10:49:18 IST" skipped="0">
  <testcase classname="intial.Reports_Page_Test" name="movingtoReports" time="11.784"/>
  <system-out/>
</testsuite> <!-- intial.Reports_Page_Test -->
